25/08/06 16:49:31 INFO blah blah blah
25/08/06 16:49:31 INFO blih blih blih
25/08/06 16:49:31 INFO ho ho ho
25/08/06 16:49:31 ERROR This is not right!
25/08/06 16:49:31 INFO blah blah blah
25/08/06 16:49:31 INFO blih blih blih
25/08/06 16:49:31 INFO ho ho ho
25/08/06 16:49:31 ERROR Another problem here
25/08/06 16:49:31 INFO blah blah blah
25/08/06 16:49:31 INFO blih blih blih
25/08/06 16:49:31 INFO ho ho ho
25/08/06 16:49:31 INFO blah blah blah
25/08/06 16:49:31 INFO blih blih blih
25/08/06 16:49:31 INFO ho ho ho
25/08/06 16:49:31 ERROR And another problem
25/08/06 16:49:31 INFO blah blah blah
25/08/06 16:49:31 INFO blih blih blih
25/08/06 16:49:31 INFO ho ho ho
25/08/06 16:49:31 ERROR And yet another problem
25/08/06 16:49:31 INFO blah blah blah
25/08/06 16:49:31 INFO blih blih blih
25/08/06 16:49:31 INFO ho ho ho
25/08/06 16:49:31 INFO blah blah blah
25/08/06 16:49:31 INFO blih blih blih
25/08/06 16:49:31 INFO ho ho ho
25/08/06 16:49:31 ERROR And still another problem
25/08/06 16:49:31 INFO blah blah blah
25/08/06 16:49:31 INFO blih blih blih
25/08/06 16:49:31 INFO ho ho ho
25/08/06 16:49:31 ERROR And again another problem
25/08/06 16:49:31 INFO blah blah blah
25/08/06 16:49:31 INFO blih blih blih
25/08/06 16:49:31 INFO ho ho ho
25/08/06 16:49:31 ERROR Final problem in the log file
25/08/06 16:49:31 INFO blah blah blah
25/08/06 16:49:31 INFO blih blih blih
25/08/06 16:49:31 INFO ho ho ho

